************************************************************************
pyfao56: FAO-56 Evapotranspiration in Python
Output Data
Timestamp: 07/08/2024 03:35:29
Simulation start date: 06/06/2024
Simulation end date: 07/07/2024
Soil method: D - Default FAO-56 homogenous soil bucket approach
************************************************************************
Comments: btk 2024 basil trial
************************************************************************
Year-DOY  Year  DOY  DOW      Date  ETref  tKcb   Kcb     h Kcmax    fc    fw   few      De    Kr    Ke      E     DPe    Kc    ETc     TAW TAWrmax    TAWb    Zr     p     RAW    Ks Kcadj ETcadj      T      DP    Dinc      Dr     fDr   Drmax  fDrmax      Db     fDb   Irrig IrrLoss    Rain  Runoff  Year  DOY  DOW      Date
2024-158  2024  158  Thu  06/06/24  3.869 0.400 0.400 0.036 1.183 0.000 1.000 1.000   7.430 -0.000 -0.000 -0.000   0.000 0.400  1.548  -0.350 -99.999 -99.999 0.035 0.538  -0.188 1.000 0.400  1.548  1.548   0.000 -99.999   0.000   0.000 -99.999 -99.999 -99.999 -99.999   0.000   0.000   0.000   0.000  2024  158  Thu  06/06/24
2024-159  2024  159  Fri  06/07/24  4.354 0.400 0.400 0.036 1.186 0.000 1.000 1.000   7.430 -0.000 -0.000 -0.000   0.000 0.400  1.742  -0.350 -99.999 -99.999 0.035 0.530  -0.186 1.000 0.400  1.742  1.742   0.000 -99.999   0.000   0.000 -99.999 -99.999 -99.999 -99.999   0.000   0.000   0.000   0.000  2024  159  Fri  06/07/24
2024-160  2024  160  Sat  06/08/24  3.599 0.400 0.400 0.036 1.179 0.000 1.000 1.000   7.430 -0.000 -0.000 -0.000   0.000 0.400  1.440  -0.350 -99.999 -99.999 0.035 0.542  -0.190 1.000 0.400  1.440  1.440   0.000 -99.999   0.000   0.000 -99.999 -99.999 -99.999 -99.999   0.000   0.000   0.000   0.000  2024  160  Sat  06/08/24
2024-161  2024  161  Sun  06/09/24  3.506 0.400 0.400 0.036 1.178 0.000 1.000 1.000   7.430 -0.000 -0.000 -0.000   0.000 0.400  1.402  -0.350 -99.999 -99.999 0.035 0.544  -0.190 1.000 0.400  1.402  1.402   0.000 -99.999   0.000   0.000 -99.999 -99.999 -99.999 -99.999   0.000   0.000   0.000   0.000  2024  161  Sun  06/09/24
2024-162  2024  162  Mon  06/10/24  4.176 0.400 0.400 0.036 1.192 0.000 1.000 1.000   7.430 -0.000 -0.000 -0.000   0.000 0.400  1.670  -0.350 -99.999 -99.999 0.035 0.533  -0.187 1.000 0.400  1.670  1.670   0.000 -99.999   0.000   0.000 -99.999 -99.999 -99.999 -99.999   0.000   0.000   0.000   0.000  2024  162  Mon  06/10/24
2024-163  2024  163  Tue  06/11/24  2.808 0.400 0.400 0.036 1.189 0.000 1.000 1.000   7.430 -0.000 -0.000 -0.000   0.000 0.400  1.123  -0.350 -99.999 -99.999 0.035 0.555  -0.194 1.000 0.400  1.123  1.123   0.000 -99.999   0.000   0.000 -99.999 -99.999 -99.999 -99.999   0.000   0.000   0.000   0.000  2024  163  Tue  06/11/24
2024-164  2024  164  Wed  06/12/24  3.164 0.400 0.400 0.036 1.193 0.000 1.000 1.000   7.430 -0.000 -0.000 -0.000   0.000 0.400  1.266  -0.350 -99.999 -99.999 0.035 0.549  -0.192 1.000 0.400  1.266  1.266   0.000 -99.999   0.000   0.000 -99.999 -99.999 -99.999 -99.999   0.000   0.000   0.000   0.000  2024  164  Wed  06/12/24
2024-165  2024  165  Thu  06/13/24  3.938 0.400 0.400 0.036 1.194 0.000 1.000 1.000   7.430 -0.000 -0.000 -0.000   0.000 0.400  1.575  -0.350 -99.999 -99.999 0.035 0.537  -0.188 1.000 0.400  1.575  1.575   0.000 -99.999   0.000   0.000 -99.999 -99.999 -99.999 -99.999   0.000   0.000   0.000   0.000  2024  165  Thu  06/13/24
2024-166  2024  166  Fri  06/14/24  0.195 0.400 0.400 0.036 1.173 0.000 1.000 1.000   7.430 -0.000 -0.000 -0.000   0.000 0.400  0.078  -0.350 -99.999 -99.999 0.035 0.597  -0.209 1.000 0.400  0.078  0.078   0.000 -99.999   0.000   0.000 -99.999 -99.999 -99.999 -99.999   0.000   0.000   0.000   0.000  2024  166  Fri  06/14/24
2024-167  2024  167  Sat  06/15/24  3.533 0.400 0.400 0.036 1.185 0.000 1.000 1.000   7.430 -0.000 -0.000 -0.000   0.000 0.400  1.413  -0.350 -99.999 -99.999 0.035 0.543  -0.190 1.000 0.400  1.413  1.413   0.000 -99.999   0.000   0.000 -99.999 -99.999 -99.999 -99.999   0.000   0.000   0.000   0.000  2024  167  Sat  06/15/24
2024-168  2024  168  Sun  06/16/24  3.963 0.400 0.400 0.036 1.191 0.000 1.000 1.000   7.430 -0.000 -0.000 -0.000   0.000 0.400  1.585  -0.350 -99.999 -99.999 0.035 0.537  -0.188 1.000 0.400  1.585  1.585   0.000 -99.999   0.000   0.000 -99.999 -99.999 -99.999 -99.999   0.000   0.000   0.000   0.000  2024  168  Sun  06/16/24
2024-169  2024  169  Mon  06/17/24  2.691 0.400 0.400 0.036 1.171 0.000 1.000 1.000   7.430 -0.000 -0.000 -0.000   0.000 0.400  1.076  -0.350 -99.999 -99.999 0.035 0.557  -0.195 1.000 0.400  1.076  1.076   0.000 -99.999   0.000   0.000 -99.999 -99.999 -99.999 -99.999   0.000   0.000   0.000   0.000  2024  169  Mon  06/17/24
2024-170  2024  170  Tue  06/18/24  4.719 0.400 0.400 0.036 1.197 0.000 1.000 1.000   7.430 -0.000 -0.000 -0.000   0.000 0.400  1.887  -0.350 -99.999 -99.999 0.035 0.525  -0.184 1.000 0.400  1.887  1.887   0.000 -99.999   0.000   0.000 -99.999 -99.999 -99.999 -99.999   0.000   0.000   0.000   0.000  2024  170  Tue  06/18/24
2024-171  2024  171  Wed  06/19/24  3.896 0.400 0.400 0.036 1.166 0.000 1.000 1.000   7.430 -0.000 -0.000 -0.000   0.000 0.400  1.558  -0.350 -99.999 -99.999 0.035 0.538  -0.188 1.000 0.400  1.558  1.558   0.000 -99.999   0.000   0.000 -99.999 -99.999 -99.999 -99.999   0.000   0.000   0.000   0.000  2024  171  Wed  06/19/24
2024-172  2024  172  Thu  06/20/24  3.083 0.400 0.400 0.036 1.164 0.000 1.000 1.000   7.430 -0.000 -0.000 -0.000   0.000 0.400  1.233  -0.350 -99.999 -99.999 0.035 0.551  -0.193 1.000 0.400  1.233  1.233   0.000 -99.999   0.000   0.000 -99.999 -99.999 -99.999 -99.999   0.000   0.000   0.000   0.000  2024  172  Thu  06/20/24
2024-173  2024  173  Fri  06/21/24  2.246 0.400 0.400 0.036 1.172 0.000 1.000 1.000   7.430 -0.000 -0.000 -0.000   0.000 0.400  0.899  -0.350 -99.999 -99.999 0.035 0.564  -0.197 1.000 0.400  0.899  0.899   0.000 -99.999   0.000   0.000 -99.999 -99.999 -99.999 -99.999   0.000   0.000   0.000   0.000  2024  173  Fri  06/21/24
2024-174  2024  174  Sat  06/22/24  2.909 0.423 0.423 0.061 1.166 0.027 1.000 0.973   7.430 -0.000 -0.000 -0.000   0.000 0.423  1.232  -0.366 -99.999 -99.999 0.037 0.551  -0.202 1.000 0.423  1.232  1.232   0.000 -99.999   0.000   0.000 -99.999 -99.999 -99.999 -99.999   0.000   0.000   0.000   0.000  2024  174  Sat  06/22/24
2024-175  2024  175  Sun  06/23/24  2.967 0.447 0.447 0.087 1.163 0.054 1.000 0.946   7.430 -0.000 -0.000 -0.000   0.000 0.447  1.325  -0.383 -99.999 -99.999 0.038 0.547  -0.209 1.000 0.447  1.325  1.325   0.000 -99.999   0.000   0.000 -99.999 -99.999 -99.999 -99.999   0.000   0.000   0.000   0.000  2024  175  Sun  06/23/24
2024-176  2024  176  Mon  06/24/24  4.543 0.470 0.470 0.112 1.178 0.079 1.000 0.921   7.430 -0.000 -0.000 -0.000   0.000 0.470  2.135  -0.399 -99.999 -99.999 0.040 0.515  -0.205 1.000 0.470  2.135  2.135   0.000 -99.999   0.000   0.000 -99.999 -99.999 -99.999 -99.999   0.000   0.000   0.000   0.000  2024  176  Mon  06/24/24
2024-177  2024  177  Tue  06/25/24  5.270 0.493 0.493 0.138 1.184 0.103 1.000 0.897   7.430 -0.000 -0.000 -0.000   0.000 0.493  2.600  -0.415 -99.999 -99.999 0.042 0.496  -0.206 1.000 0.493  2.600  2.600   0.000 -99.999   0.000   0.000 -99.999 -99.999 -99.999 -99.999   0.000   0.000   0.000   0.000  2024  177  Tue  06/25/24
2024-178  2024  178  Wed  06/26/24  3.261 0.517 0.517 0.163 1.158 0.132 1.000 0.868   7.430 -0.000 -0.000 -0.000   0.000 0.517  1.685  -0.432 -99.999 -99.999 0.043 0.533  -0.230 1.000 0.517  1.685  1.685   0.000 -99.999   0.000   0.000 -99.999 -99.999 -99.999 -99.999   0.000   0.000   0.000   0.000  2024  178  Wed  06/26/24
2024-179  2024  179  Thu  06/27/24  4.471 0.540 0.540 0.189 1.164 0.156 1.000 0.844   7.430 -0.000 -0.000 -0.000   0.000 0.540  2.414  -0.448 -99.999 -99.999 0.045 0.503  -0.226 1.000 0.540  2.414  2.414   0.000 -99.999   0.000   0.000 -99.999 -99.999 -99.999 -99.999   0.000   0.000   0.000   0.000  2024  179  Thu  06/27/24
2024-180  2024  180  Fri  06/28/24  4.077 0.563 0.563 0.214 1.148 0.185 1.000 0.815   7.430 -0.000 -0.000 -0.000   0.000 0.563  2.297  -0.464 -99.999 -99.999 0.046 0.508  -0.236 1.000 0.563  2.297  2.297   0.000 -99.999   0.000   0.000 -99.999 -99.999 -99.999 -99.999   0.000   0.000   0.000   0.000  2024  180  Fri  06/28/24
2024-181  2024  181  Sat  06/29/24  4.615 0.587 0.587 0.240 1.166 0.206 1.000 0.794   7.430 -0.000 -0.000 -0.000   0.000 0.587  2.708  -0.481 -99.999 -99.999 0.048 0.492  -0.236 1.000 0.587  2.708  2.708   0.000 -99.999   0.000   0.000 -99.999 -99.999 -99.999 -99.999   0.000   0.000   0.000   0.000  2024  181  Sat  06/29/24
2024-182  2024  182  Sun  06/30/24  2.054 0.610 0.610 0.265 1.127 0.245 1.000 0.755   7.430 -0.000 -0.000 -0.000   0.000 0.610  1.253  -0.497 -99.999 -99.999 0.050 0.550  -0.273 1.000 0.610  1.253  1.253   0.000 -99.999   0.000   0.000 -99.999 -99.999 -99.999 -99.999   0.000   0.000   0.000   0.000  2024  182  Sun  06/30/24
2024-183  2024  183  Mon  07/01/24  2.409 0.633 0.633 0.291 1.134 0.269 1.000 0.731   7.430 -0.000 -0.000 -0.000   0.000 0.633  1.526  -0.513 -99.999 -99.999 0.051 0.539  -0.277 1.000 0.633  1.526  1.526   0.000 -99.999   0.000   0.000 -99.999 -99.999 -99.999 -99.999   0.000   0.000   0.000   0.000  2024  183  Mon  07/01/24
2024-184  2024  184  Tue  07/02/24  2.572 0.657 0.657 0.316 1.188 0.273 1.000 0.727   7.430 -0.000 -0.000 -0.000   0.000 0.657  1.689  -0.530 -99.999 -99.999 0.053 0.532  -0.282 1.000 0.657  1.689  1.689   0.000 -99.999   0.000   0.000 -99.999 -99.999 -99.999 -99.999   0.000   0.000   0.000   0.000  2024  184  Tue  07/02/24
2024-185  2024  185  Wed  07/03/24  2.188 0.680 0.680 0.342 1.174 0.304 1.000 0.696   7.430 -0.000 -0.000 -0.000   0.000 0.680  1.488  -0.546 -99.999 -99.999 0.055 0.540  -0.295 1.000 0.680  1.488  1.488   0.000 -99.999   0.000   0.000 -99.999 -99.999 -99.999 -99.999   0.000   0.000   0.000   0.000  2024  185  Wed  07/03/24
2024-186  2024  186  Thu  07/04/24  3.382 0.703 0.703 0.367 1.202 0.316 1.000 0.684   7.430 -0.000 -0.000 -0.000   0.000 0.703  2.378  -0.562 -99.999 -99.999 0.056 0.505  -0.284 1.000 0.703  2.378  2.378   0.000 -99.999   0.000   0.000 -99.999 -99.999 -99.999 -99.999   0.000   0.000   0.000   0.000  2024  186  Thu  07/04/24
2024-187  2024  187  Fri  07/05/24  4.938 0.727 0.727 0.393 1.233 0.327 1.000 0.673   7.430 -0.000 -0.000 -0.000   0.000 0.727  3.588  -0.579 -99.999 -99.999 0.058 0.456  -0.264 1.000 0.727  3.588  3.588   0.000 -99.999   0.000   0.000 -99.999 -99.999 -99.999 -99.999   0.000   0.000   0.000   0.000  2024  187  Fri  07/05/24
2024-188  2024  188  Sat  07/06/24  3.733 0.750 0.750 0.418 1.233 0.350 1.000 0.650   7.430 -0.000 -0.000 -0.000   0.000 0.750  2.800  -0.595 -99.999 -99.999 0.059 0.488  -0.290 1.000 0.750  2.800  2.800   0.000 -99.999   0.000   0.000 -99.999 -99.999 -99.999 -99.999   0.000   0.000   0.000   0.000  2024  188  Sat  07/06/24
2024-189  2024  189  Sun  07/07/24  4.246 0.773 0.773 0.443 1.234 0.375 1.000 0.625   7.430 -0.000 -0.000 -0.000   0.000 0.773  3.284  -0.611 -99.999 -99.999 0.061 0.469  -0.286 1.000 0.773  3.284  3.284   0.000 -99.999   0.000   0.000 -99.999 -99.999 -99.999 -99.999   0.000   0.000   0.000   0.000  2024  189  Sun  07/07/24